C51 COMPILER V9.54   ADC                                                                   03/18/2021 19:09:42 PAGE 1   


C51 COMPILER V9.54, COMPILATION OF MODULE ADC
OBJECT MODULE PLACED IN .\Objects\ADC.obj
COMPILER INVOKED BY: F:\keil\C51\BIN\C51.EXE ADC.c OPTIMIZE(1,SIZE) BROWSE INCDIR(..\3126) DEBUG OBJECTEXTEND PRINT(.\Li
                    -stings\ADC.lst) OBJECT(.\Objects\ADC.obj)

line level    source

   1          #include "OB38R08T1.h"
   2          #include "ADC.h"
   3          #include "WDT.h"
   4          
   5          unsigned int n_data    = 0x0000;
   6          bit          ADCfinish = 0;
   7          
   8          
   9          void ADC_Start(unsigned char n_ADC_CH)
  10          {
  11   1          ADCC2  = n_ADC_CH; //Set a new channel
  12   1          ADCC2 |= 0x80;      //ADC start conversion
  13   1      }
  14          
  15          void ADC_Init(void)
  16          {
  17   1          ADCC1 = d_ADCnEN0;                 //Set ADC channel
  18   1          ADCCS = d_ADCnEN1 | d_ADC_CLK_Sel; //Set ADC channel & Select ADC clock
  19   1          IEADC = 1;                         //Enable ADC interrupt.
  20   1          EA    = 1;
  21   1      }
  22          
  23          unsigned int ADC_Read12() //12-bit ADC
  24          {
  25   1          unsigned int n_ADCD12 = 0x0000;
  26   1          n_ADCD12 = (ADCDH<<4) | ADCDL;     //12-bit ADC
  27   1          return n_ADCD12;
  28   1      }
  29          
  30          void ADCInterrupt(void) interrupt d_ADC_Vector // ADC Interrupt Vector Address 0053h => interrupt 10
  31          {
  32   1          n_data = ADC_Read12(); //Read ADC
  33   1          ADCfinish = 1;
  34   1      }
  35          
  36          //                                -1  0   1   2   3   4   5   6   7   8   9  10   11  12  13  14  15 16  1
             -7  18  19
  37          code unsigned int TemTable[161]= {3981,3975,3969,3962,3955,3948,3941,3933,3925,3917,3908,3899,3890,3880,38
             -70,3860,3849,3838,3826,3815,3802,
  38          //                                20   21   22    23  24   25   26   27   28   29   30   31   32   33   34
             -    35  36   37  38   39
  39                                            3789,3776,3762,3748,3734,3718,3703,3687,3670,3653,3636,3618,3599,3581,35
             -61,3541,3521,3500,3478,3456,
  40          //                                40   41  42    43   44   45   46   47   48   49  50    51   52   53   54
             -   55   56    57   58  59
  41                                            3433,3410,3387,3363,3338,3313,3288,3262,3235,3208,3181,3153,3125,3096,30
             -67,3038,3008,2978,2947,2916,
  42          //                                60  61     62   63  64   65   66  67    68   69    70   71  72   73   74
             -   75   76   77   78   79
  43                                            2885,2853,2821,2789,2757,2724,2691,2658,2625,2592,2558,2525,2491,2457,24
             -23,2389,2355,2321,2287,2253,
  44          //                               80   81   82    83   84   85   86    87  88   89   90   91   92   93   94
             -   95   96   97  98    99
  45                                            2220,2186,2152,2119,2085,2052,2019,1986,1953,1920,1888,1856,1824,1793,17
C51 COMPILER V9.54   ADC                                                                   03/18/2021 19:09:42 PAGE 2   

             -61,1730,1700,1669,1639,1609,
  46          //                               100  101  102   103  104  105  106  107  108
  47                                            1580,1551,1522,1494,1466,1438,1411,1384,1357,1331,1305,1280,1255,1230,12
             -06,1182,1159,1135,1113,1091,
  48          //                               120
  49                                            1069,1047,1026,1005,985,965,945,926,907,888,870,852,835,818,801,784,768,
             -753,737,722,
  50          //                               140 141 142 143 144 145 146 147 148 149 150 151 152 153 154 155 156 157 1
             -58 159
  51                                            707,692,678,664,650,637,624,611,599,586,574,563,551,540,529,518,507,487,
             -487,477
  52                                           };
  53          
  54          
  55          #define AD_TMP_MAX   1020
  56          #define AD_TMP_MIN   100
  57          
  58          unsigned int ADC_Val[10];//储储AD转换
  59          void ADC(unsigned char pos,unsigned char channel)
  60          {
  61   1          ADCfinish = 0;
  62   1          if (channel==d_ADC_CH0_IN)
  63   1          {
  64   2              ADC_Start(d_ADC_CH0_IN);
  65   2              while(!ADCfinish);
  66   2              ADC_Val[pos]=n_data;
  67   2          }
  68   1          else if (channel==d_ADC_CH1_IN)
  69   1          {
  70   2              ADC_Start(d_ADC_CH1_IN);
  71   2              while(!ADCfinish);
  72   2              ADC_Val[pos]=n_data;
  73   2          }
  74   1          else if (channel==d_ADC_CH2_IN)
  75   1          {
  76   2              ADC_Start(d_ADC_CH2_IN);
  77   2              while(!ADCfinish);
  78   2              ADC_Val[pos]=n_data;
  79   2          }
  80   1          else if (channel==d_ADC_CH3_IN)
  81   1          {
  82   2              ADC_Start(d_ADC_CH3_IN);
  83   2              while(!ADCfinish);
  84   2              ADC_Val[pos]=n_data;
  85   2          }
  86   1          else if (channel==d_ADC_CH4_IN)
  87   1          {
  88   2              ADC_Start(d_ADC_CH4_IN);
  89   2              while(!ADCfinish);
  90   2              ADC_Val[pos]=n_data;
  91   2          }
  92   1          else if (channel==d_ADC_CH5_IN)
  93   1          {
  94   2              ADC_Start(d_ADC_CH5_IN);
  95   2              while(!ADCfinish);
  96   2              ADC_Val[pos]=n_data;
  97   2          }
  98   1          else if (channel==d_ADC_CH6_IN)
  99   1          {
 100   2              ADC_Start(d_ADC_CH6_IN);
 101   2              while(!ADCfinish);
 102   2              ADC_Val[pos]=n_data;
C51 COMPILER V9.54   ADC                                                                   03/18/2021 19:09:42 PAGE 3   

 103   2          }
 104   1          else if (channel==d_ADC_CH7_IN)
 105   1          {
 106   2              ADC_Start(d_ADC_CH7_IN);
 107   2              while(!ADCfinish);
 108   2              ADC_Val[pos]=n_data;
 109   2          }
 110   1      }
 111          
 112          
 113          unsigned int GetADCCalVal(unsigned char channel)
 114          {
 115   1          unsigned char i;
 116   1          unsigned int ADVal=0;
 117   1          ADVal=0;
 118   1          for(i=0; i<10; i++)
 119   1          {
 120   2              ADC(i,channel);
 121   2              ADVal=ADC_Val[i]+ADVal;
 122   2          }
 123   1          ADVal=ADVal/10;
 124   1          return ADVal;
 125   1      }
 126          
 127          unsigned char GetTempVal(unsigned char channl)
 128          {
 129   1          unsigned int xdata ADValc=0;
 130   1          unsigned char xdata i,CTemp;
 131   1          unsigned char xdata chann=0;
 132   1          chann=channl;
 133   1          ADValc=GetADCCalVal(chann);//
 134   1          for(i=0; i<160; i++)
 135   1          {
 136   2              if((ADValc<(TemTable[i-1]))&&(ADValc>(TemTable[i+1])))
 137   2              {
 138   3                  CTemp=i;
 139   3                  return CTemp;
 140   3              }
 141   2          }
 142   1          return 0;
 143   1      }
 144          
 145          unsigned char GetCafeTmp(void)
 146          {
 147   1          unsigned char xdata Ctmp=0;
 148   1          WDTR_Disable();
 149   1          Ctmp=GetTempVal(d_ADC_CH0_IN);
 150   1          WDTR_Init();
 151   1          return  Ctmp;
 152   1      }
 153          
 154          unsigned char GetZhenQiTmp(void)
 155          {
 156   1          unsigned char xdata Ztmp=0;
 157   1          WDTR_Disable();
 158   1          Ztmp=GetTempVal(d_ADC_CH1_IN);
 159   1          WDTR_Init();
 160   1          return  Ztmp;
 161   1      }
 162          
 163          #define SHUI_NO   600
 164          unsigned char GetShuiLevel(void)
C51 COMPILER V9.54   ADC                                                                   03/18/2021 19:09:42 PAGE 4   

 165          {
 166   1          unsigned int xdata ADValc=0;
 167   1          WDTR_Disable();
 168   1          ADValc=GetADCCalVal(d_ADC_CH3_IN);
 169   1          WDTR_Init();
 170   1          if(ADValc<SHUI_NO)//表示有水
 171   1          {
 172   2              return 1;
 173   2          }
 174   1          else
 175   1          {
 176   2              return 0;//表示无水
 177   2          }
 178   1      }
 179          
 180          
 181          


MODULE INFORMATION:   STATIC OVERLAYABLE
   CODE SIZE        =    653    ----
   CONSTANT SIZE    =    322    ----
   XDATA SIZE       =      9    ----
   PDATA SIZE       =   ----    ----
   DATA SIZE        =     32    ----
   IDATA SIZE       =   ----    ----
   BIT SIZE         =      1    ----
END OF MODULE INFORMATION.


C51 COMPILATION COMPLETE.  0 WARNING(S),  0 ERROR(S)
