C51 COMPILER V9.54   TIMER                                                                 03/18/2021 19:09:42 PAGE 1   


C51 COMPILER V9.54, COMPILATION OF MODULE TIMER
OBJECT MODULE PLACED IN .\Objects\Timer.obj
COMPILER INVOKED BY: F:\keil\C51\BIN\C51.EXE Timer.c OPTIMIZE(1,SIZE) BROWSE INCDIR(..\3126) DEBUG OBJECTEXTEND PRINT(.\
                    -Listings\Timer.lst) OBJECT(.\Objects\Timer.obj)

line level    source

   1          #include "OB38R08T1.h"
   2          #include "Timer.h"
   3          
   4          #define TIMER1_VECTOR 1    //TIMER1 Interrupt Vevtor
   5          #define d_T0MOD       0x00 //TMOD[3:0] TIMER0 Mode setting 
   6          #define d_T1MOD       0x05 //TMOD[7:4] TIMER1 Mode setting
   7          #define ET2           0x00 //TIMER2 overflow Interrupt Enable (Default 0 Disable)
   8          #define ET1           0x01 //TIMER1 overflow Interrupt Enable (Default 0 Disable)
   9          #define ET0           0x00 //TIMER0 overflow Interrupt Enable (Default 0 Disable)
  10          
  11          #define d_MODEVALUE_T1      65536    //MODE1 16bit 65536
  12          #define d_RELOADVALUE_T1    0      //User Define Reload Value 
  13          
  14          void TIMER1_initialize(void)  //Initialize TIMER1
  15          {
  16   1          IEN0 |= (ET2<<5)|(ET1<<3)|(ET0<<1); //IE=IEN0
  17   1          TMOD  = (d_T1MOD<<4)|(d_T0MOD);
  18   1          TH1   = (d_MODEVALUE_T1-d_RELOADVALUE_T1)/256;
  19   1          TL1   = (d_MODEVALUE_T1-d_RELOADVALUE_T1)%256;
  20   1          TR1   = 1; //Timer1 Start bit
  21   1      }
  22          
  23          void TIMER1_ISR(void) interrupt TIMER1_VECTOR
  24          {
  25   1          unsigned char xdata testH=0,testL=0;
  26   1          testH=TH1;
  27   1          testL=TL1;
  28   1      }


MODULE INFORMATION:   STATIC OVERLAYABLE
   CODE SIZE        =     50    ----
   CONSTANT SIZE    =   ----    ----
   XDATA SIZE       =      2    ----
   PDATA SIZE       =   ----    ----
   DATA SIZE        =   ----    ----
   IDATA SIZE       =   ----    ----
   BIT SIZE         =   ----    ----
END OF MODULE INFORMATION.


C51 COMPILATION COMPLETE.  0 WARNING(S),  0 ERROR(S)
